<?xml version="1.0" encoding="utf-8" standalone="no"?>
<test-run id="2" testcasecount="40" result="Passed" total="40" passed="40" failed="0" inconclusive="0" skipped="0" asserts="65" engine-version="3.8.0.0" clr-version="4.0.30319.42000" start-time="2024-07-16 07:13:47Z" end-time="2024-07-16 07:15:58Z" duration="131.665252">
  <command-line><![CDATA[/var/build/workspace/build-platform-sdks-pipeline/resources/sdk/pureclouddotnet/bin/nunit/nunit3-console.exe /var/build/workspace/build-platform-sdks-pipeline/output/pureclouddotnet/build/bin/PureCloudPlatform.Client.V2.Tests.dll]]></command-line>
  <test-suite type="Assembly" id="0-1048" name="PureCloudPlatform.Client.V2.Tests.dll" fullname="/var/build/workspace/build-platform-sdks-pipeline/output/pureclouddotnet/build/bin/PureCloudPlatform.Client.V2.Tests.dll" runstate="Runnable" testcasecount="40" result="Passed" start-time="2024-07-16 07:13:48Z" end-time="2024-07-16 07:15:58Z" duration="130.106255" total="40" passed="40" failed="0" warnings="0" inconclusive="0" skipped="0" asserts="65">
    <environment framework-version="3.10.1.0" clr-version="4.0.30319.42000" os-version="Unix 4.14.348.265" platform="Unix" cwd="/var/build/workspace/build-platform-sdks-pipeline/output/pureclouddotnet/build" machine-name="jenkins-agent-10-25-199-60" user="jenkins" user-domain="jenkins-agent-10-25-199-60" culture="en-US" uiculture="en-US" os-architecture="x64" />
    <settings>
      <setting name="DisposeRunners" value="True" />
      <setting name="WorkDirectory" value="/var/build/workspace/build-platform-sdks-pipeline/output/pureclouddotnet/build" />
      <setting name="ImageRuntimeVersion" value="4.0.30319" />
      <setting name="ImageTargetFrameworkName" value=".NETFramework,Version=v4.7.1" />
      <setting name="ImageRequiresX86" value="False" />
      <setting name="ImageRequiresDefaultAppDomainAssemblyResolver" value="False" />
      <setting name="NumberOfTestWorkers" value="4" />
    </settings>
    <properties>
      <property name="_PID" value="19685" />
      <property name="_APPDOMAIN" value="domain-" />
    </properties>
    <test-suite type="TestSuite" id="0-1049" name="PureCloudPlatform" fullname="PureCloudPlatform" runstate="Runnable" testcasecount="40" result="Passed" start-time="2024-07-16 07:13:48Z" end-time="2024-07-16 07:15:58Z" duration="130.085823" total="40" passed="40" failed="0" warnings="0" inconclusive="0" skipped="0" asserts="65">
      <test-suite type="TestSuite" id="0-1050" name="Client" fullname="PureCloudPlatform.Client" runstate="Runnable" testcasecount="40" result="Passed" start-time="2024-07-16 07:13:48Z" end-time="2024-07-16 07:15:58Z" duration="130.084792" total="40" passed="40" failed="0" warnings="0" inconclusive="0" skipped="0" asserts="65">
        <test-suite type="TestSuite" id="0-1051" name="V2" fullname="PureCloudPlatform.Client.V2" runstate="Runnable" testcasecount="40" result="Passed" start-time="2024-07-16 07:13:48Z" end-time="2024-07-16 07:15:58Z" duration="130.084156" total="40" passed="40" failed="0" warnings="0" inconclusive="0" skipped="0" asserts="65">
          <test-suite type="TestSuite" id="0-1052" name="Tests" fullname="PureCloudPlatform.Client.V2.Tests" runstate="Runnable" testcasecount="40" result="Passed" start-time="2024-07-16 07:13:48Z" end-time="2024-07-16 07:15:58Z" duration="130.083524" total="40" passed="40" failed="0" warnings="0" inconclusive="0" skipped="0" asserts="65">
            <test-suite type="TestFixture" id="0-1009" name="ApiClientTests" fullname="PureCloudPlatform.Client.V2.Tests.ApiClientTests" classname="PureCloudPlatform.Client.V2.Tests.ApiClientTests" runstate="Runnable" testcasecount="12" result="Passed" start-time="2024-07-16 07:13:48Z" end-time="2024-07-16 07:15:51Z" duration="122.539263" total="12" passed="12" failed="0" warnings="0" inconclusive="0" skipped="0" asserts="24">
              <test-case id="0-1016" name="InvokeAsyncTestWith_429" fullname="PureCloudPlatform.Client.V2.Tests.ApiClientTests.InvokeAsyncTestWith_429" methodname="InvokeAsyncTestWith_429" classname="PureCloudPlatform.Client.V2.Tests.ApiClientTests" runstate="Runnable" seed="1601027006" result="Passed" start-time="2024-07-16 07:13:49Z" end-time="2024-07-16 07:13:54Z" duration="5.074054" asserts="2" />
              <test-case id="0-1017" name="InvokeAsyncTestWith_429_And_No_MaxRetryTime" fullname="PureCloudPlatform.Client.V2.Tests.ApiClientTests.InvokeAsyncTestWith_429_And_No_MaxRetryTime" methodname="InvokeAsyncTestWith_429_And_No_MaxRetryTime" classname="PureCloudPlatform.Client.V2.Tests.ApiClientTests" runstate="Runnable" seed="518877563" result="Passed" start-time="2024-07-16 07:13:54Z" end-time="2024-07-16 07:13:54Z" duration="0.006643" asserts="2" />
              <test-case id="0-1018" name="InvokeAsyncTestWith_502" fullname="PureCloudPlatform.Client.V2.Tests.ApiClientTests.InvokeAsyncTestWith_502" methodname="InvokeAsyncTestWith_502" classname="PureCloudPlatform.Client.V2.Tests.ApiClientTests" runstate="Runnable" seed="993909925" result="Passed" start-time="2024-07-16 07:13:54Z" end-time="2024-07-16 07:14:07Z" duration="13.026839" asserts="2" />
              <test-case id="0-1019" name="InvokeAsyncTestWith_503" fullname="PureCloudPlatform.Client.V2.Tests.ApiClientTests.InvokeAsyncTestWith_503" methodname="InvokeAsyncTestWith_503" classname="PureCloudPlatform.Client.V2.Tests.ApiClientTests" runstate="Runnable" seed="1615086323" result="Passed" start-time="2024-07-16 07:14:07Z" end-time="2024-07-16 07:14:47Z" duration="40.047841" asserts="2" />
              <test-case id="0-1020" name="InvokeAsyncTestWith_504" fullname="PureCloudPlatform.Client.V2.Tests.ApiClientTests.InvokeAsyncTestWith_504" methodname="InvokeAsyncTestWith_504" classname="PureCloudPlatform.Client.V2.Tests.ApiClientTests" runstate="Runnable" seed="516883965" result="Passed" start-time="2024-07-16 07:14:47Z" end-time="2024-07-16 07:14:49Z" duration="2.018178" asserts="2" />
              <test-case id="0-1021" name="InvokeAsyncTestWith_504_And_No_MaxRetryTime" fullname="PureCloudPlatform.Client.V2.Tests.ApiClientTests.InvokeAsyncTestWith_504_And_No_MaxRetryTime" methodname="InvokeAsyncTestWith_504_And_No_MaxRetryTime" classname="PureCloudPlatform.Client.V2.Tests.ApiClientTests" runstate="Runnable" seed="2078889038" result="Passed" start-time="2024-07-16 07:14:49Z" end-time="2024-07-16 07:14:50Z" duration="0.014791" asserts="2" />
              <test-case id="0-1010" name="InvokeTestWith_429" fullname="PureCloudPlatform.Client.V2.Tests.ApiClientTests.InvokeTestWith_429" methodname="InvokeTestWith_429" classname="PureCloudPlatform.Client.V2.Tests.ApiClientTests" runstate="Runnable" seed="1392634804" result="Passed" start-time="2024-07-16 07:14:50Z" end-time="2024-07-16 07:14:56Z" duration="6.023832" asserts="2" />
              <test-case id="0-1011" name="InvokeTestWith_429_And_No_MaxRetryTime" fullname="PureCloudPlatform.Client.V2.Tests.ApiClientTests.InvokeTestWith_429_And_No_MaxRetryTime" methodname="InvokeTestWith_429_And_No_MaxRetryTime" classname="PureCloudPlatform.Client.V2.Tests.ApiClientTests" runstate="Runnable" seed="513810026" result="Passed" start-time="2024-07-16 07:14:56Z" end-time="2024-07-16 07:14:56Z" duration="0.016554" asserts="2" />
              <test-case id="0-1012" name="InvokeTestWith_502" fullname="PureCloudPlatform.Client.V2.Tests.ApiClientTests.InvokeTestWith_502" methodname="InvokeTestWith_502" classname="PureCloudPlatform.Client.V2.Tests.ApiClientTests" runstate="Runnable" seed="915277700" result="Passed" start-time="2024-07-16 07:14:56Z" end-time="2024-07-16 07:15:09Z" duration="13.014158" asserts="2" />
              <test-case id="0-1013" name="InvokeTestWith_503" fullname="PureCloudPlatform.Client.V2.Tests.ApiClientTests.InvokeTestWith_503" methodname="InvokeTestWith_503" classname="PureCloudPlatform.Client.V2.Tests.ApiClientTests" runstate="Runnable" seed="355510024" result="Passed" start-time="2024-07-16 07:15:09Z" end-time="2024-07-16 07:15:49Z" duration="40.024073" asserts="2" />
              <test-case id="0-1014" name="InvokeTestWith_504" fullname="PureCloudPlatform.Client.V2.Tests.ApiClientTests.InvokeTestWith_504" methodname="InvokeTestWith_504" classname="PureCloudPlatform.Client.V2.Tests.ApiClientTests" runstate="Runnable" seed="673608600" result="Passed" start-time="2024-07-16 07:15:49Z" end-time="2024-07-16 07:15:51Z" duration="2.004548" asserts="2" />
              <test-case id="0-1015" name="InvokeTestWith_504_No_MaxRetryTime" fullname="PureCloudPlatform.Client.V2.Tests.ApiClientTests.InvokeTestWith_504_No_MaxRetryTime" methodname="InvokeTestWith_504_No_MaxRetryTime" classname="PureCloudPlatform.Client.V2.Tests.ApiClientTests" runstate="Runnable" seed="427860549" result="Passed" start-time="2024-07-16 07:15:51Z" end-time="2024-07-16 07:15:51Z" duration="0.001770" asserts="2" />
            </test-suite>
            <test-suite type="TestFixture" id="0-1000" name="SdkTests" fullname="PureCloudPlatform.Client.V2.Tests.SdkTests" classname="PureCloudPlatform.Client.V2.Tests.SdkTests" runstate="Runnable" testcasecount="8" result="Passed" start-time="2024-07-16 07:15:51Z" end-time="2024-07-16 07:15:58Z" duration="7.526103" total="8" passed="8" failed="0" warnings="0" inconclusive="0" skipped="0" asserts="21">
              <properties>
                <property name="Timeout" value="70000" />
              </properties>
              <test-case id="0-1001" name="TraceBasicInformation" fullname="PureCloudPlatform.Client.V2.Tests.SdkTests.TraceBasicInformation" methodname="TraceBasicInformation" classname="PureCloudPlatform.Client.V2.Tests.SdkTests" runstate="Runnable" seed="449853578" result="Passed" start-time="2024-07-16 07:15:51Z" end-time="2024-07-16 07:15:51Z" duration="0.008127" asserts="6">
                <properties>
                  <property name="Order" value="0" />
                </properties>
                <output><![CDATA[PURECLOUD_ENVIRONMENT=mypurecloud.com
PURECLOUD_CLIENT_ID=7de3af06-c0b3-4f9b-af45-72f4a14037cc
userEmail=8b73b479-87b2-41b9-b705-5a1310db073a@mypurecloud.com
]]></output>
              </test-case>
              <test-case id="0-1002" name="Authenticate" fullname="PureCloudPlatform.Client.V2.Tests.SdkTests.Authenticate" methodname="Authenticate" classname="PureCloudPlatform.Client.V2.Tests.SdkTests" runstate="Runnable" seed="1262759613" result="Passed" start-time="2024-07-16 07:15:51Z" end-time="2024-07-16 07:15:51Z" duration="0.074527" asserts="1">
                <properties>
                  <property name="Order" value="1" />
                </properties>
              </test-case>
              <test-case id="0-1003" name="CreateUser" fullname="PureCloudPlatform.Client.V2.Tests.SdkTests.CreateUser" methodname="CreateUser" classname="PureCloudPlatform.Client.V2.Tests.SdkTests" runstate="Runnable" seed="1854515423" result="Passed" start-time="2024-07-16 07:15:51Z" end-time="2024-07-16 07:15:51Z" duration="0.430512" asserts="2">
                <properties>
                  <property name="Order" value="2" />
                </properties>
                <output><![CDATA[CorrelationId for PostUsersWithHttpInfo b8c719e3-1beb-4eec-ab7a-614311f68a42
Version for PostUsersWithHttpInfo 1
Created user with ID 70f674ec-8fd9-444c-8a9f-e7fe3929fb0d
]]></output>
              </test-case>
              <test-case id="0-1004" name="UpdateUser" fullname="PureCloudPlatform.Client.V2.Tests.SdkTests.UpdateUser" methodname="UpdateUser" classname="PureCloudPlatform.Client.V2.Tests.SdkTests" runstate="Runnable" seed="928002040" result="Passed" start-time="2024-07-16 07:15:51Z" end-time="2024-07-16 07:15:51Z" duration="0.291556" asserts="4">
                <properties>
                  <property name="Order" value="3" />
                </properties>
              </test-case>
              <test-case id="0-1005" name="SetProfileSkills" fullname="PureCloudPlatform.Client.V2.Tests.SdkTests.SetProfileSkills" methodname="SetProfileSkills" classname="PureCloudPlatform.Client.V2.Tests.SdkTests" runstate="Runnable" seed="1190649860" result="Passed" start-time="2024-07-16 07:15:51Z" end-time="2024-07-16 07:15:52Z" duration="0.115165" asserts="2">
                <properties>
                  <property name="Order" value="4" />
                </properties>
                <output><![CDATA[CorrelationId for PutUserProfileskillsWithHttpInfo 7bd418fd-670c-4eb4-a709-89a2b9b19934
]]></output>
              </test-case>
              <test-case id="0-1006" name="TestNotifications" fullname="PureCloudPlatform.Client.V2.Tests.SdkTests.TestNotifications" methodname="TestNotifications" classname="PureCloudPlatform.Client.V2.Tests.SdkTests" runstate="Runnable" seed="1863744036" result="Passed" start-time="2024-07-16 07:15:52Z" end-time="2024-07-16 07:15:52Z" duration="0.366641" asserts="2">
                <properties>
                  <property name="Order" value="5" />
                </properties>
              </test-case>
              <test-case id="0-1007" name="GetUser" fullname="PureCloudPlatform.Client.V2.Tests.SdkTests.GetUser" methodname="GetUser" classname="PureCloudPlatform.Client.V2.Tests.SdkTests" runstate="Runnable" seed="695380997" result="Passed" start-time="2024-07-16 07:15:52Z" end-time="2024-07-16 07:15:58Z" duration="6.044164" asserts="4">
                <properties>
                  <property name="Retry" value="2" />
                  <property name="Order" value="6" />
                </properties>
                <output><![CDATA[CorrelationId for GetUserWithHttpInfo 72a795f0-5efb-4fe1-ad5a-63cf88bbafe3
Version for GetUserWithHttpInfo 3
]]></output>
              </test-case>
              <test-case id="0-1008" name="DeleteUserWithProxy" fullname="PureCloudPlatform.Client.V2.Tests.SdkTests.DeleteUserWithProxy" methodname="DeleteUserWithProxy" classname="PureCloudPlatform.Client.V2.Tests.SdkTests" runstate="Runnable" seed="32433420" result="Passed" start-time="2024-07-16 07:15:58Z" end-time="2024-07-16 07:15:58Z" duration="0.187328" asserts="0">
                <properties>
                  <property name="Order" value="7" />
                </properties>
              </test-case>
            </test-suite>
            <test-suite type="TestFixture" id="0-1022" name="UpgradeSdkEnumConverterTests" fullname="PureCloudPlatform.Client.V2.Tests.UpgradeSdkEnumConverterTests" classname="PureCloudPlatform.Client.V2.Tests.UpgradeSdkEnumConverterTests" runstate="Runnable" testcasecount="20" result="Passed" start-time="2024-07-16 07:15:58Z" end-time="2024-07-16 07:15:58Z" duration="0.013368" total="20" passed="20" failed="0" warnings="0" inconclusive="0" skipped="0" asserts="20">
              <test-suite type="ParameterizedMethod" id="0-1027" name="TestReadInt32" fullname="PureCloudPlatform.Client.V2.Tests.UpgradeSdkEnumConverterTests.TestReadInt32" classname="PureCloudPlatform.Client.V2.Tests.UpgradeSdkEnumConverterTests" runstate="Runnable" testcasecount="4" result="Passed" start-time="2024-07-16 07:15:58Z" end-time="2024-07-16 07:15:58Z" duration="0.004687" total="4" passed="4" failed="0" warnings="0" inconclusive="0" skipped="0" asserts="4">
                <test-case id="0-1023" name="TestReadInt32(0)" fullname="PureCloudPlatform.Client.V2.Tests.UpgradeSdkEnumConverterTests.TestReadInt32(0)" methodname="TestReadInt32" classname="PureCloudPlatform.Client.V2.Tests.UpgradeSdkEnumConverterTests" runstate="Runnable" seed="1266798852" result="Passed" start-time="2024-07-16 07:15:58Z" end-time="2024-07-16 07:15:58Z" duration="0.004097" asserts="1" />
                <test-case id="0-1024" name="TestReadInt32(1)" fullname="PureCloudPlatform.Client.V2.Tests.UpgradeSdkEnumConverterTests.TestReadInt32(1)" methodname="TestReadInt32" classname="PureCloudPlatform.Client.V2.Tests.UpgradeSdkEnumConverterTests" runstate="Runnable" seed="1059720022" result="Passed" start-time="2024-07-16 07:15:58Z" end-time="2024-07-16 07:15:58Z" duration="0.000134" asserts="1" />
                <test-case id="0-1025" name="TestReadInt32(256)" fullname="PureCloudPlatform.Client.V2.Tests.UpgradeSdkEnumConverterTests.TestReadInt32(256)" methodname="TestReadInt32" classname="PureCloudPlatform.Client.V2.Tests.UpgradeSdkEnumConverterTests" runstate="Runnable" seed="273717743" result="Passed" start-time="2024-07-16 07:15:58Z" end-time="2024-07-16 07:15:58Z" duration="0.000090" asserts="1" />
                <test-case id="0-1026" name="TestReadInt32(-1)" fullname="PureCloudPlatform.Client.V2.Tests.UpgradeSdkEnumConverterTests.TestReadInt32(-1)" methodname="TestReadInt32" classname="PureCloudPlatform.Client.V2.Tests.UpgradeSdkEnumConverterTests" runstate="Runnable" seed="294928801" result="Passed" start-time="2024-07-16 07:15:58Z" end-time="2024-07-16 07:15:58Z" duration="0.000095" asserts="1" />
              </test-suite>
              <test-suite type="ParameterizedMethod" id="0-1035" name="TestReadString" fullname="PureCloudPlatform.Client.V2.Tests.UpgradeSdkEnumConverterTests.TestReadString" classname="PureCloudPlatform.Client.V2.Tests.UpgradeSdkEnumConverterTests" runstate="Runnable" testcasecount="7" result="Passed" start-time="2024-07-16 07:15:58Z" end-time="2024-07-16 07:15:58Z" duration="0.001445" total="7" passed="7" failed="0" warnings="0" inconclusive="0" skipped="0" asserts="7">
                <test-case id="0-1028" name="TestReadString(&quot;alerting&quot;)" fullname="PureCloudPlatform.Client.V2.Tests.UpgradeSdkEnumConverterTests.TestReadString(&quot;alerting&quot;)" methodname="TestReadString" classname="PureCloudPlatform.Client.V2.Tests.UpgradeSdkEnumConverterTests" runstate="Runnable" seed="1280587305" result="Passed" start-time="2024-07-16 07:15:58Z" end-time="2024-07-16 07:15:58Z" duration="0.000437" asserts="1" />
                <test-case id="0-1029" name="TestReadString(&quot;AlErTiNg&quot;)" fullname="PureCloudPlatform.Client.V2.Tests.UpgradeSdkEnumConverterTests.TestReadString(&quot;AlErTiNg&quot;)" methodname="TestReadString" classname="PureCloudPlatform.Client.V2.Tests.UpgradeSdkEnumConverterTests" runstate="Runnable" seed="1019829029" result="Passed" start-time="2024-07-16 07:15:58Z" end-time="2024-07-16 07:15:58Z" duration="0.000195" asserts="1" />
                <test-case id="0-1030" name="TestReadString(&quot;delivery-success&quot;)" fullname="PureCloudPlatform.Client.V2.Tests.UpgradeSdkEnumConverterTests.TestReadString(&quot;delivery-success&quot;)" methodname="TestReadString" classname="PureCloudPlatform.Client.V2.Tests.UpgradeSdkEnumConverterTests" runstate="Runnable" seed="716797842" result="Passed" start-time="2024-07-16 07:15:58Z" end-time="2024-07-16 07:15:58Z" duration="0.000159" asserts="1" />
                <test-case id="0-1031" name="TestReadString(&quot;Deliverysuccess&quot;)" fullname="PureCloudPlatform.Client.V2.Tests.UpgradeSdkEnumConverterTests.TestReadString(&quot;Deliverysuccess&quot;)" methodname="TestReadString" classname="PureCloudPlatform.Client.V2.Tests.UpgradeSdkEnumConverterTests" runstate="Runnable" seed="1791290055" result="Passed" start-time="2024-07-16 07:15:58Z" end-time="2024-07-16 07:15:58Z" duration="0.000120" asserts="1" />
                <test-case id="0-1032" name="TestReadString(&quot;OUTDATED_SDK_VERSION&quot;)" fullname="PureCloudPlatform.Client.V2.Tests.UpgradeSdkEnumConverterTests.TestReadString(&quot;OUTDATED_SDK_VERSION&quot;)" methodname="TestReadString" classname="PureCloudPlatform.Client.V2.Tests.UpgradeSdkEnumConverterTests" runstate="Runnable" seed="2017907615" result="Passed" start-time="2024-07-16 07:15:58Z" end-time="2024-07-16 07:15:58Z" duration="0.000118" asserts="1" />
                <test-case id="0-1033" name="TestReadString(&quot;foo&quot;)" fullname="PureCloudPlatform.Client.V2.Tests.UpgradeSdkEnumConverterTests.TestReadString(&quot;foo&quot;)" methodname="TestReadString" classname="PureCloudPlatform.Client.V2.Tests.UpgradeSdkEnumConverterTests" runstate="Runnable" seed="374605321" result="Passed" start-time="2024-07-16 07:15:58Z" end-time="2024-07-16 07:15:58Z" duration="0.000118" asserts="1" />
                <test-case id="0-1034" name="TestReadString(&quot;&quot;)" fullname="PureCloudPlatform.Client.V2.Tests.UpgradeSdkEnumConverterTests.TestReadString(&quot;&quot;)" methodname="TestReadString" classname="PureCloudPlatform.Client.V2.Tests.UpgradeSdkEnumConverterTests" runstate="Runnable" seed="22913676" result="Passed" start-time="2024-07-16 07:15:58Z" end-time="2024-07-16 07:15:58Z" duration="0.000140" asserts="1" />
              </test-suite>
              <test-suite type="ParameterizedMethod" id="0-1039" name="TestReadStringNullable" fullname="PureCloudPlatform.Client.V2.Tests.UpgradeSdkEnumConverterTests.TestReadStringNullable" classname="PureCloudPlatform.Client.V2.Tests.UpgradeSdkEnumConverterTests" runstate="Runnable" testcasecount="3" result="Passed" start-time="2024-07-16 07:15:58Z" end-time="2024-07-16 07:15:58Z" duration="0.001428" total="3" passed="3" failed="0" warnings="0" inconclusive="0" skipped="0" asserts="3">
                <test-case id="0-1036" name="TestReadStringNullable(&quot;alerting&quot;)" fullname="PureCloudPlatform.Client.V2.Tests.UpgradeSdkEnumConverterTests.TestReadStringNullable(&quot;alerting&quot;)" methodname="TestReadStringNullable" classname="PureCloudPlatform.Client.V2.Tests.UpgradeSdkEnumConverterTests" runstate="Runnable" seed="550766639" result="Passed" start-time="2024-07-16 07:15:58Z" end-time="2024-07-16 07:15:58Z" duration="0.000979" asserts="1" />
                <test-case id="0-1037" name="TestReadStringNullable(&quot;&quot;)" fullname="PureCloudPlatform.Client.V2.Tests.UpgradeSdkEnumConverterTests.TestReadStringNullable(&quot;&quot;)" methodname="TestReadStringNullable" classname="PureCloudPlatform.Client.V2.Tests.UpgradeSdkEnumConverterTests" runstate="Runnable" seed="2091666164" result="Passed" start-time="2024-07-16 07:15:58Z" end-time="2024-07-16 07:15:58Z" duration="0.000136" asserts="1" />
                <test-case id="0-1038" name="TestReadStringNullable(null)" fullname="PureCloudPlatform.Client.V2.Tests.UpgradeSdkEnumConverterTests.TestReadStringNullable(null)" methodname="TestReadStringNullable" classname="PureCloudPlatform.Client.V2.Tests.UpgradeSdkEnumConverterTests" runstate="Runnable" seed="1344476281" result="Passed" start-time="2024-07-16 07:15:58Z" end-time="2024-07-16 07:15:58Z" duration="0.000185" asserts="1" />
              </test-suite>
              <test-suite type="ParameterizedMethod" id="0-1043" name="TestWrite" fullname="PureCloudPlatform.Client.V2.Tests.UpgradeSdkEnumConverterTests.TestWrite" classname="PureCloudPlatform.Client.V2.Tests.UpgradeSdkEnumConverterTests" runstate="Runnable" testcasecount="3" result="Passed" start-time="2024-07-16 07:15:58Z" end-time="2024-07-16 07:15:58Z" duration="0.001198" total="3" passed="3" failed="0" warnings="0" inconclusive="0" skipped="0" asserts="3">
                <test-case id="0-1040" name="TestWrite(Deliverysuccess)" fullname="PureCloudPlatform.Client.V2.Tests.UpgradeSdkEnumConverterTests.TestWrite(Deliverysuccess)" methodname="TestWrite" classname="PureCloudPlatform.Client.V2.Tests.UpgradeSdkEnumConverterTests" runstate="Runnable" seed="197652442" result="Passed" start-time="2024-07-16 07:15:58Z" end-time="2024-07-16 07:15:58Z" duration="0.000904" asserts="1" />
                <test-case id="0-1041" name="TestWrite(OutdatedSdkVersion)" fullname="PureCloudPlatform.Client.V2.Tests.UpgradeSdkEnumConverterTests.TestWrite(OutdatedSdkVersion)" methodname="TestWrite" classname="PureCloudPlatform.Client.V2.Tests.UpgradeSdkEnumConverterTests" runstate="Runnable" seed="1771904798" result="Passed" start-time="2024-07-16 07:15:58Z" end-time="2024-07-16 07:15:58Z" duration="0.000086" asserts="1" />
                <test-case id="0-1042" name="TestWrite(256)" fullname="PureCloudPlatform.Client.V2.Tests.UpgradeSdkEnumConverterTests.TestWrite(256)" methodname="TestWrite" classname="PureCloudPlatform.Client.V2.Tests.UpgradeSdkEnumConverterTests" runstate="Runnable" seed="1912886827" result="Passed" start-time="2024-07-16 07:15:58Z" end-time="2024-07-16 07:15:58Z" duration="0.000091" asserts="1" />
              </test-suite>
              <test-suite type="ParameterizedMethod" id="0-1047" name="TestWriteNullable" fullname="PureCloudPlatform.Client.V2.Tests.UpgradeSdkEnumConverterTests.TestWriteNullable" classname="PureCloudPlatform.Client.V2.Tests.UpgradeSdkEnumConverterTests" runstate="Runnable" testcasecount="3" result="Passed" start-time="2024-07-16 07:15:58Z" end-time="2024-07-16 07:15:58Z" duration="0.000733" total="3" passed="3" failed="0" warnings="0" inconclusive="0" skipped="0" asserts="3">
                <test-case id="0-1044" name="TestWriteNullable(Deliverysuccess)" fullname="PureCloudPlatform.Client.V2.Tests.UpgradeSdkEnumConverterTests.TestWriteNullable(Deliverysuccess)" methodname="TestWriteNullable" classname="PureCloudPlatform.Client.V2.Tests.UpgradeSdkEnumConverterTests" runstate="Runnable" seed="1629940721" result="Passed" start-time="2024-07-16 07:15:58Z" end-time="2024-07-16 07:15:58Z" duration="0.000311" asserts="1" />
                <test-case id="0-1045" name="TestWriteNullable(OutdatedSdkVersion)" fullname="PureCloudPlatform.Client.V2.Tests.UpgradeSdkEnumConverterTests.TestWriteNullable(OutdatedSdkVersion)" methodname="TestWriteNullable" classname="PureCloudPlatform.Client.V2.Tests.UpgradeSdkEnumConverterTests" runstate="Runnable" seed="1397771598" result="Passed" start-time="2024-07-16 07:15:58Z" end-time="2024-07-16 07:15:58Z" duration="0.000073" asserts="1" />
                <test-case id="0-1046" name="TestWriteNullable(null)" fullname="PureCloudPlatform.Client.V2.Tests.UpgradeSdkEnumConverterTests.TestWriteNullable(null)" methodname="TestWriteNullable" classname="PureCloudPlatform.Client.V2.Tests.UpgradeSdkEnumConverterTests" runstate="Runnable" seed="1417054419" result="Passed" start-time="2024-07-16 07:15:58Z" end-time="2024-07-16 07:15:58Z" duration="0.000180" asserts="1" />
              </test-suite>
            </test-suite>
          </test-suite>
        </test-suite>
      </test-suite>
    </test-suite>
  </test-suite>
</test-run>